# JRE version: OpenJDK Runtime Environment Temurin-17.0.7+7 (17.0.7+7) (build 17.0.7+7)
# Java VM: OpenJDK 64-Bit Server VM Temurin-17.0.7+7 (17.0.7+7, mixed mode, emulated-client, tiered, compressed oops, compressed class ptrs, g1 gc, windows-amd64)
GC Precious Log:
 CPUs: 4 total, 4 available
 Memory: 8072M
 Large Page Support: Disabled
 NUMA Support: Disabled
 Compressed Oops: Enabled (32-bit)
 Heap Region Size: 1M
 Heap Min Capacity: 8M
 Heap Initial Capacity: 128M
 Heap Max Capacity: 2020M
 Pre-touch: Disabled
 Parallel Workers: 4
 Concurrent Workers: 1
 Concurrent Refinement Workers: 4
 Periodic GC: Disabled
Heap:
 garbage-first heap   total 337920K, used 250650K [0x0000000081c00000, 0x0000000100000000)
  region size 1024K, 168 young (172032K), 8 survivors (8192K)
 Metaspace       used 44280K, committed 44736K, reserved 1114112K
  class space    used 5873K, committed 6080K, reserved 1048576K
GC Heap History (20 events):
Event: 1.211 GC heap before
{Heap before GC invocations=2 (full 0):
 garbage-first heap   total 131072K, used 35173K [0x0000000081c00000, 0x0000000100000000)
  region size 1024K, 20 young (20480K), 2 survivors (2048K)
 Metaspace       used 10582K, committed 10752K, reserved 1114112K
  class space    used 1020K, committed 1088K, reserved 1048576K
}
Event: 1.228 GC heap after
{Heap after GC invocations=3 (full 0):
 garbage-first heap   total 131072K, used 33147K [0x0000000081c00000, 0x0000000100000000)
  region size 1024K, 3 young (3072K), 3 survivors (3072K)
 Metaspace       used 10582K, committed 10752K, reserved 1114112K
  class space    used 1020K, committed 1088K, reserved 1048576K
}
Event: 1.406 GC heap before
{Heap before GC invocations=3 (full 0):
 garbage-first heap   total 131072K, used 52603K [0x0000000081c00000, 0x0000000100000000)
  region size 1024K, 22 young (22528K), 3 survivors (3072K)
 Metaspace       used 10869K, committed 11136K, reserved 1114112K
  class space    used 1059K, committed 1216K, reserved 1048576K
}
Event: 1.419 GC heap after
{Heap after GC invocations=4 (full 0):
 garbage-first heap   total 131072K, used 38400K [0x0000000081c00000, 0x0000000100000000)
  region size 1024K, 3 young (3072K), 3 survivors (3072K)
 Metaspace       used 10869K, committed 11136K, reserved 1114112K
  class space    used 1059K, committed 1216K, reserved 1048576K
}
Event: 1.743 GC heap before
{Heap before GC invocations=4 (full 0):
 garbage-first heap   total 131072K, used 64000K [0x0000000081c00000, 0x0000000100000000)
  region size 1024K, 28 young (28672K), 3 survivors (3072K)
 Metaspace       used 10869K, committed 11136K, reserved 1114112K
  class space    used 1059K, committed 1216K, reserved 1048576K
}
Event: 1.760 GC heap after
{Heap after GC invocations=5 (full 0):
 garbage-first heap   total 131072K, used 45056K [0x0000000081c00000, 0x0000000100000000)
  region size 1024K, 4 young (4096K), 4 survivors (4096K)
 Metaspace       used 10869K, committed 11136K, reserved 1114112K
  class space    used 1059K, committed 1216K, reserved 1048576K
}
Event: 2.000 GC heap before
{Heap before GC invocations=5 (full 0):
 garbage-first heap   total 131072K, used 78848K [0x0000000081c00000, 0x0000000100000000)
  region size 1024K, 36 young (36864K), 4 survivors (4096K)
 Metaspace       used 10960K, committed 11264K, reserved 1114112K
  class space    used 1067K, committed 1216K, reserved 1048576K
}
Event: 2.025 GC heap after
{Heap after GC invocations=6 (full 0):
 garbage-first heap   total 224256K, used 54272K [0x0000000081c00000, 0x0000000100000000)
  region size 1024K, 5 young (5120K), 5 survivors (5120K)
 Metaspace       used 10960K, committed 11264K, reserved 1114112K
  class space    used 1067K, committed 1216K, reserved 1048576K
}
Event: 2.753 GC heap before
{Heap before GC invocations=6 (full 0):
 garbage-first heap   total 224256K, used 103424K [0x0000000081c00000, 0x0000000100000000)
  region size 1024K, 50 young (51200K), 5 survivors (5120K)
 Metaspace       used 13977K, committed 14208K, reserved 1114112K
  class space    used 1446K, committed 1536K, reserved 1048576K
}
Event: 2.795 GC heap after
{Heap after GC invocations=7 (full 0):
 garbage-first heap   total 224256K, used 78135K [0x0000000081c00000, 0x0000000100000000)
  region size 1024K, 7 young (7168K), 7 survivors (7168K)
 Metaspace       used 13977K, committed 14208K, reserved 1114112K
  class space    used 1446K, committed 1536K, reserved 1048576K
}
Event: 3.559 GC heap before
{Heap before GC invocations=7 (full 0):
 garbage-first heap   total 224256K, used 121143K [0x0000000081c00000, 0x0000000100000000)
  region size 1024K, 49 young (50176K), 7 survivors (7168K)
 Metaspace       used 19911K, committed 20096K, reserved 1114112K
  class space    used 2239K, committed 2304K, reserved 1048576K
}
Event: 3.576 GC heap after
{Heap after GC invocations=8 (full 0):
 garbage-first heap   total 224256K, used 82247K [0x0000000081c00000, 0x0000000100000000)
  region size 1024K, 4 young (4096K), 4 survivors (4096K)
 Metaspace       used 19911K, committed 20096K, reserved 1114112K
  class space    used 2239K, committed 2304K, reserved 1048576K
}
Event: 3.774 GC heap before
{Heap before GC invocations=8 (full 0):
 garbage-first heap   total 224256K, used 92487K [0x0000000081c00000, 0x0000000100000000)
  region size 1024K, 15 young (15360K), 4 survivors (4096K)
 Metaspace       used 21231K, committed 21504K, reserved 1114112K
  class space    used 2432K, committed 2624K, reserved 1048576K
}
Event: 3.779 GC heap after
{Heap after GC invocations=9 (full 0):
 garbage-first heap   total 224256K, used 83531K [0x0000000081c00000, 0x0000000100000000)
  region size 1024K, 5 young (5120K), 5 survivors (5120K)
 Metaspace       used 21231K, committed 21504K, reserved 1114112K
  class space    used 2432K, committed 2624K, reserved 1048576K
}
Event: 4.215 GC heap before
{Heap before GC invocations=10 (full 0):
 garbage-first heap   total 224256K, used 156235K [0x0000000081c00000, 0x0000000100000000)
  region size 1024K, 77 young (78848K), 5 survivors (5120K)
 Metaspace       used 24794K, committed 25152K, reserved 1114112K
  class space    used 2950K, committed 3136K, reserved 1048576K
}
Event: 4.228 GC heap after
{Heap after GC invocations=11 (full 0):
 garbage-first heap   total 224256K, used 84777K [0x0000000081c00000, 0x0000000100000000)
  region size 1024K, 9 young (9216K), 9 survivors (9216K)
 Metaspace       used 24794K, committed 25152K, reserved 1114112K
  class space    used 2950K, committed 3136K, reserved 1048576K
}
Event: 4.232 GC heap before
{Heap before GC invocations=11 (full 0):
 garbage-first heap   total 224256K, used 84777K [0x0000000081c00000, 0x0000000100000000)
  region size 1024K, 10 young (10240K), 9 survivors (9216K)
 Metaspace       used 24814K, committed 25152K, reserved 1114112K
  class space    used 2954K, committed 3136K, reserved 1048576K
}
Event: 4.248 GC heap after
{Heap after GC invocations=12 (full 0):
 garbage-first heap   total 337920K, used 82259K [0x0000000081c00000, 0x0000000100000000)
  region size 1024K, 2 young (2048K), 2 survivors (2048K)
 Metaspace       used 24814K, committed 25152K, reserved 1114112K
  class space    used 2954K, committed 3136K, reserved 1048576K
}
Event: 6.834 GC heap before
{Heap before GC invocations=12 (full 0):
 garbage-first heap   total 337920K, used 212307K [0x0000000081c00000, 0x0000000100000000)
  region size 1024K, 130 young (133120K), 2 survivors (2048K)
 Metaspace       used 36564K, committed 37056K, reserved 1114112K
  class space    used 4537K, committed 4800K, reserved 1048576K
}
Event: 6.847 GC heap after
{Heap after GC invocations=13 (full 0):
 garbage-first heap   total 337920K, used 88858K [0x0000000081c00000, 0x0000000100000000)
  region size 1024K, 8 young (8192K), 8 survivors (8192K)
 Metaspace       used 36564K, committed 37056K, reserved 1114112K
  class space    used 4537K, committed 4800K, reserved 1048576K
}

