# JRE version: OpenJDK Runtime Environment Temurin-17.0.7+7 (17.0.7+7) (build 17.0.7+7)
# Java VM: OpenJDK 64-Bit Server VM Temurin-17.0.7+7 (17.0.7+7, mixed mode, emulated-client, tiered, compressed oops, compressed class ptrs, g1 gc, windows-amd64)
GC Precious Log:
 CPUs: 4 total, 4 available
 Memory: 8072M
 Large Page Support: Disabled
 NUMA Support: Disabled
 Compressed Oops: Enabled (32-bit)
 Heap Region Size: 1M
 Heap Min Capacity: 8M
 Heap Initial Capacity: 128M
 Heap Max Capacity: 2020M
 Pre-touch: Disabled
 Parallel Workers: 4
 Concurrent Workers: 1
 Concurrent Refinement Workers: 4
 Periodic GC: Disabled
Heap:
 garbage-first heap   total 251904K, used 84298K [0x0000000081c00000, 0x0000000100000000)
  region size 1024K, 2 young (2048K), 2 survivors (2048K)
 Metaspace       used 30804K, committed 31296K, reserved 1114112K
  class space    used 3752K, committed 4032K, reserved 1048576K
GC Heap History (20 events):
Event: 0.773 GC heap after
{Heap after GC invocations=1 (full 0):
 garbage-first heap   total 131072K, used 4612K [0x0000000081c00000, 0x0000000100000000)
  region size 1024K, 2 young (2048K), 2 survivors (2048K)
 Metaspace       used 9769K, committed 9984K, reserved 1114112K
  class space    used 927K, committed 1024K, reserved 1048576K
}
Event: 0.983 GC heap before
{Heap before GC invocations=1 (full 0):
 garbage-first heap   total 131072K, used 18948K [0x0000000081c00000, 0x0000000100000000)
  region size 1024K, 14 young (14336K), 2 survivors (2048K)
 Metaspace       used 10270K, committed 10496K, reserved 1114112K
  class space    used 992K, committed 1088K, reserved 1048576K
}
Event: 0.993 GC heap after
{Heap after GC invocations=2 (full 0):
 garbage-first heap   total 131072K, used 15278K [0x0000000081c00000, 0x0000000100000000)
  region size 1024K, 2 young (2048K), 2 survivors (2048K)
 Metaspace       used 10270K, committed 10496K, reserved 1114112K
  class space    used 992K, committed 1088K, reserved 1048576K
}
Event: 1.119 GC heap before
{Heap before GC invocations=2 (full 0):
 garbage-first heap   total 131072K, used 35758K [0x0000000081c00000, 0x0000000100000000)
  region size 1024K, 20 young (20480K), 2 survivors (2048K)
 Metaspace       used 10271K, committed 10496K, reserved 1114112K
  class space    used 992K, committed 1088K, reserved 1048576K
}
Event: 1.134 GC heap after
{Heap after GC invocations=3 (full 0):
 garbage-first heap   total 131072K, used 32768K [0x0000000081c00000, 0x0000000100000000)
  region size 1024K, 3 young (3072K), 3 survivors (3072K)
 Metaspace       used 10271K, committed 10496K, reserved 1114112K
  class space    used 992K, committed 1088K, reserved 1048576K
}
Event: 1.291 GC heap before
{Heap before GC invocations=3 (full 0):
 garbage-first heap   total 131072K, used 52224K [0x0000000081c00000, 0x0000000100000000)
  region size 1024K, 22 young (22528K), 3 survivors (3072K)
 Metaspace       used 10972K, committed 11264K, reserved 1114112K
  class space    used 1060K, committed 1216K, reserved 1048576K
}
Event: 1.303 GC heap after
{Heap after GC invocations=4 (full 0):
 garbage-first heap   total 131072K, used 38400K [0x0000000081c00000, 0x0000000100000000)
  region size 1024K, 3 young (3072K), 3 survivors (3072K)
 Metaspace       used 10972K, committed 11264K, reserved 1114112K
  class space    used 1060K, committed 1216K, reserved 1048576K
}
Event: 1.432 GC heap before
{Heap before GC invocations=4 (full 0):
 garbage-first heap   total 131072K, used 65024K [0x0000000081c00000, 0x0000000100000000)
  region size 1024K, 29 young (29696K), 3 survivors (3072K)
 Metaspace       used 10972K, committed 11264K, reserved 1114112K
  class space    used 1060K, committed 1216K, reserved 1048576K
}
Event: 1.446 GC heap after
{Heap after GC invocations=5 (full 0):
 garbage-first heap   total 131072K, used 45919K [0x0000000081c00000, 0x0000000100000000)
  region size 1024K, 4 young (4096K), 4 survivors (4096K)
 Metaspace       used 10972K, committed 11264K, reserved 1114112K
  class space    used 1060K, committed 1216K, reserved 1048576K
}
Event: 1.603 GC heap before
{Heap before GC invocations=5 (full 0):
 garbage-first heap   total 131072K, used 78687K [0x0000000081c00000, 0x0000000100000000)
  region size 1024K, 35 young (35840K), 4 survivors (4096K)
 Metaspace       used 11063K, committed 11328K, reserved 1114112K
  class space    used 1068K, committed 1216K, reserved 1048576K
}
Event: 1.624 GC heap after
{Heap after GC invocations=6 (full 0):
 garbage-first heap   total 251904K, used 55296K [0x0000000081c00000, 0x0000000100000000)
  region size 1024K, 5 young (5120K), 5 survivors (5120K)
 Metaspace       used 11063K, committed 11328K, reserved 1114112K
  class space    used 1068K, committed 1216K, reserved 1048576K
}
Event: 2.016 GC heap before
{Heap before GC invocations=6 (full 0):
 garbage-first heap   total 251904K, used 102400K [0x0000000081c00000, 0x0000000100000000)
  region size 1024K, 48 young (49152K), 5 survivors (5120K)
 Metaspace       used 14012K, committed 14272K, reserved 1114112K
  class space    used 1418K, committed 1536K, reserved 1048576K
}
Event: 2.065 GC heap after
{Heap after GC invocations=7 (full 0):
 garbage-first heap   total 251904K, used 79819K [0x0000000081c00000, 0x0000000100000000)
  region size 1024K, 6 young (6144K), 6 survivors (6144K)
 Metaspace       used 14012K, committed 14272K, reserved 1114112K
  class space    used 1418K, committed 1536K, reserved 1048576K
}
Event: 2.675 GC heap before
{Heap before GC invocations=7 (full 0):
 garbage-first heap   total 251904K, used 124875K [0x0000000081c00000, 0x0000000100000000)
  region size 1024K, 50 young (51200K), 6 survivors (6144K)
 Metaspace       used 20004K, committed 20224K, reserved 1114112K
  class space    used 2231K, committed 2304K, reserved 1048576K
}
Event: 2.690 GC heap after
{Heap after GC invocations=8 (full 0):
 garbage-first heap   total 251904K, used 84837K [0x0000000081c00000, 0x0000000100000000)
  region size 1024K, 4 young (4096K), 4 survivors (4096K)
 Metaspace       used 20004K, committed 20224K, reserved 1114112K
  class space    used 2231K, committed 2304K, reserved 1048576K
}
Event: 2.798 GC heap before
{Heap before GC invocations=8 (full 0):
 garbage-first heap   total 251904K, used 92005K [0x0000000081c00000, 0x0000000100000000)
  region size 1024K, 12 young (12288K), 4 survivors (4096K)
 Metaspace       used 21205K, committed 21504K, reserved 1114112K
  class space    used 2387K, committed 2560K, reserved 1048576K
}
Event: 2.803 GC heap after
{Heap after GC invocations=9 (full 0):
 garbage-first heap   total 251904K, used 84910K [0x0000000081c00000, 0x0000000100000000)
  region size 1024K, 4 young (4096K), 4 survivors (4096K)
 Metaspace       used 21205K, committed 21504K, reserved 1114112K
  class space    used 2387K, committed 2560K, reserved 1048576K
}
Event: 3.668 GC heap before
{Heap before GC invocations=10 (full 0):
 garbage-first heap   total 251904K, used 190382K [0x0000000081c00000, 0x0000000100000000)
  region size 1024K, 109 young (111616K), 4 survivors (4096K)
 Metaspace       used 30724K, committed 31232K, reserved 1114112K
  class space    used 3742K, committed 3968K, reserved 1048576K
}
Event: 3.684 GC heap after
{Heap after GC invocations=11 (full 0):
 garbage-first heap   total 251904K, used 86101K [0x0000000081c00000, 0x0000000100000000)
  region size 1024K, 11 young (11264K), 11 survivors (11264K)
 Metaspace       used 30724K, committed 31232K, reserved 1114112K
  class space    used 3742K, committed 3968K, reserved 1048576K
}
Event: 3.691 GC heap before
{Heap before GC invocations=11 (full 0):
 garbage-first heap   total 251904K, used 87125K [0x0000000081c00000, 0x0000000100000000)
  region size 1024K, 12 young (12288K), 11 survivors (11264K)
 Metaspace       used 30804K, committed 31296K, reserved 1114112K
  class space    used 3752K, committed 4032K, reserved 1048576K
}

